2024-12-14 03:31:34,678 INFO Model was created.
2024-12-14 03:31:34,815 ERROR Failed to run worker, id: 0, message: Path is not existed, path=/cache/datasets/cifar10/
2024-12-14 03:31:34,822 INFO Update Success. step_name=nas, worker_id=0
2024-12-14 03:31:34,822 INFO waiting for the workers [0] to finish
2024-12-14 03:31:34,822 INFO Best values: []
2024-12-14 03:31:34,823 WARNING Failed to dump pareto front records, report is emplty.
2024-12-14 03:31:34,826 INFO ------------------------------------------------
2024-12-14 03:31:34,826 INFO   Step: fully_train
2024-12-14 03:31:34,826 INFO ------------------------------------------------
2024-12-14 03:31:34,829 INFO init TrainPipeStep...
2024-12-14 03:31:34,829 INFO TrainPipeStep started...
2024-12-14 03:31:34,831 WARNING Failed to dump records, report is emplty.
2024-12-14 03:31:36,833 INFO ------------------------------------------------
2024-12-14 03:31:36,833 INFO   Pipeline end.
2024-12-14 03:31:36,833 INFO 
2024-12-14 03:31:36,833 INFO   task id: 1214.033131.545
2024-12-14 03:31:36,833 INFO   output folder: /rl/vega/tasks/1214.033131.545/output
2024-12-14 03:31:36,833 INFO 
2024-12-14 03:31:36,833 INFO   running time:
2024-12-14 03:31:36,834 INFO                nas:  0:00:01  [2024-12-14 03:31:33.746143 - 2024-12-14 03:31:34.825047]
2024-12-14 03:31:36,834 INFO        fully_train:  0:00:00  [2024-12-14 03:31:34.829739 - 2024-12-14 03:31:34.831221]
2024-12-14 03:31:36,834 INFO 
2024-12-14 03:31:36,834 INFO   result file output.csv is not existed or empty
2024-12-14 03:31:36,835 INFO ------------------------------------------------
