2024-12-14 03:59:43,158 INFO Model was created.
2024-12-14 03:59:43,267 ERROR Failed to run worker in local_master.py, id: 0, message: 'NoneType' object is not subscriptable
2024-12-14 03:59:43,274 INFO Update Success. step_name=nas, worker_id=0
2024-12-14 03:59:43,275 INFO waiting for the workers [0] to finish
2024-12-14 03:59:43,275 INFO Best values: []
2024-12-14 03:59:43,276 WARNING Failed to dump pareto front records, report is emplty.
2024-12-14 03:59:43,279 INFO ------------------------------------------------
2024-12-14 03:59:43,279 INFO   Step: fully_train
2024-12-14 03:59:43,279 INFO ------------------------------------------------
2024-12-14 03:59:43,282 INFO init TrainPipeStep...
2024-12-14 03:59:43,282 INFO TrainPipeStep started...
2024-12-14 03:59:43,283 WARNING Failed to dump records, report is emplty.
2024-12-14 03:59:45,285 INFO ------------------------------------------------
2024-12-14 03:59:45,285 INFO   Pipeline end.
2024-12-14 03:59:45,285 INFO 
2024-12-14 03:59:45,285 INFO   task id: 1214.035940.589
2024-12-14 03:59:45,285 INFO   output folder: /rl/vega/tasks/1214.035940.589/output
2024-12-14 03:59:45,286 INFO 
2024-12-14 03:59:45,286 INFO   running time:
2024-12-14 03:59:45,286 INFO                nas:  0:00:00  [2024-12-14 03:59:42.794170 - 2024-12-14 03:59:43.278024]
2024-12-14 03:59:45,286 INFO        fully_train:  0:00:00  [2024-12-14 03:59:43.282355 - 2024-12-14 03:59:43.283772]
2024-12-14 03:59:45,286 INFO 
2024-12-14 03:59:45,286 INFO   result file output.csv is not existed or empty
2024-12-14 03:59:45,286 INFO ------------------------------------------------
