2024-12-14 03:57:06,090 INFO Model was created.
2024-12-14 03:57:06,187 ERROR Failed to run worker in local_master.py, id: 0, message: 'NoneType' object is not subscriptable
2024-12-14 03:57:06,194 INFO Update Success. step_name=nas, worker_id=0
2024-12-14 03:57:06,194 INFO waiting for the workers [0] to finish
2024-12-14 03:57:06,194 INFO Best values: []
2024-12-14 03:57:06,195 WARNING Failed to dump pareto front records, report is emplty.
2024-12-14 03:57:06,198 INFO ------------------------------------------------
2024-12-14 03:57:06,198 INFO   Step: fully_train
2024-12-14 03:57:06,198 INFO ------------------------------------------------
2024-12-14 03:57:06,201 INFO init TrainPipeStep...
2024-12-14 03:57:06,201 INFO TrainPipeStep started...
2024-12-14 03:57:06,202 WARNING Failed to dump records, report is emplty.
2024-12-14 03:57:08,204 INFO ------------------------------------------------
2024-12-14 03:57:08,205 INFO   Pipeline end.
2024-12-14 03:57:08,205 INFO 
2024-12-14 03:57:08,205 INFO   task id: 1214.035703.518
2024-12-14 03:57:08,205 INFO   output folder: /rl/vega/tasks/1214.035703.518/output
2024-12-14 03:57:08,205 INFO 
2024-12-14 03:57:08,205 INFO   running time:
2024-12-14 03:57:08,206 INFO                nas:  0:00:00  [2024-12-14 03:57:05.709579 - 2024-12-14 03:57:06.197151]
2024-12-14 03:57:08,206 INFO        fully_train:  0:00:00  [2024-12-14 03:57:06.201333 - 2024-12-14 03:57:06.202757]
2024-12-14 03:57:08,206 INFO 
2024-12-14 03:57:08,207 INFO   result file output.csv is not existed or empty
2024-12-14 03:57:08,207 INFO ------------------------------------------------
