2024-12-14 03:45:47,054 INFO Model was created.
2024-12-14 03:45:47,173 ERROR Failed to run worker, id: 0, message: Path is not existed, path=/cache/datasets/cifar10/
2024-12-14 03:45:47,180 INFO Update Success. step_name=nas, worker_id=0
2024-12-14 03:45:47,181 INFO waiting for the workers [0] to finish
2024-12-14 03:45:47,181 INFO Best values: []
2024-12-14 03:45:47,182 WARNING Failed to dump pareto front records, report is emplty.
2024-12-14 03:45:47,185 INFO ------------------------------------------------
2024-12-14 03:45:47,185 INFO   Step: fully_train
2024-12-14 03:45:47,185 INFO ------------------------------------------------
2024-12-14 03:45:47,188 INFO init TrainPipeStep...
2024-12-14 03:45:47,188 INFO TrainPipeStep started...
2024-12-14 03:45:47,189 WARNING Failed to dump records, report is emplty.
2024-12-14 03:45:49,190 INFO ------------------------------------------------
2024-12-14 03:45:49,190 INFO   Pipeline end.
2024-12-14 03:45:49,190 INFO 
2024-12-14 03:45:49,190 INFO   task id: 1214.034542.227
2024-12-14 03:45:49,190 INFO   output folder: /rl/vega/tasks/1214.034542.227/output
2024-12-14 03:45:49,190 INFO 
2024-12-14 03:45:49,190 INFO   running time:
2024-12-14 03:45:49,191 INFO                nas:  0:00:00  [2024-12-14 03:45:46.267914 - 2024-12-14 03:45:47.183689]
2024-12-14 03:45:49,191 INFO        fully_train:  0:00:00  [2024-12-14 03:45:47.188176 - 2024-12-14 03:45:47.189848]
2024-12-14 03:45:49,191 INFO 
2024-12-14 03:45:49,191 INFO   result file output.csv is not existed or empty
2024-12-14 03:45:49,191 INFO ------------------------------------------------
