2024-12-14 03:45:46,240 INFO ------------------------------------------------
2024-12-14 03:45:46,240 INFO   task id: 1214.034542.227
2024-12-14 03:45:46,240 INFO ------------------------------------------------
2024-12-14 03:45:46,240 INFO configure: {
    "general": {
        "backend": "pytorch",
        "cluster": {}
    },
    "pipeline": [
        "nas",
        "fully_train"
    ],
    "nas": {
        "pipe_step": {
            "type": "SearchPipeStep"
        },
        "dataset": {
            "type": "Cifar10",
            "common": {
                "data_path": "/cache/datasets/cifar10/",
                "train_portion": 0.5,
                "num_workers": 8,
                "drop_last": false
            },
            "train": {
                "shuffle": true,
                "batch_size": 128
            },
            "val": {
                "batch_size": 3500
            }
        },
        "search_algorithm": {
            "type": "CARSAlgorithm",
            "policy": {
                "num_individual": 8,
                "start_ga_epoch": 50,
                "ga_interval": 10,
                "select_method": "uniform",
                "warmup": 50
            }
        },
        "search_space": {
            "type": "SearchSpace",
            "modules": [
                "super_network"
            ],
            "super_network": {
                "type": "CARSDartsNetwork",
                "stem": {
                    "type": "PreOneStem",
                    "init_channels": 16,
                    "stem_multi": 3
                },
                "head": {
                    "type": "LinearClassificationHead"
                },
                "init_channels": 16,
                "num_classes": 10,
                "auxiliary": false,
                "search": true,
                "cells": {
                    "modules": [
                        "normal",
                        "normal",
                        "reduce",
                        "normal",
                        "normal",
                        "reduce",
                        "normal",
                        "normal"
                    ],
                    "normal": {
                        "type": "NormalCell",
                        "steps": 4,
                        "genotype": [
                            [
                                [
                                    "none",
                                    "max_pool_3x3",
                                    "avg_pool_3x3",
                                    "skip_connect",
                                    "sep_conv_3x3",
                                    "sep_conv_5x5",
                                    "dil_conv_3x3",
                                    "dil_conv_5x5"
                                ],
                                2,
                                0
                            ],
                            [
                                [
                                    "none",
                                    "max_pool_3x3",
                                    "avg_pool_3x3",
                                    "skip_connect",
                                    "sep_conv_3x3",
                                    "sep_conv_5x5",
                                    "dil_conv_3x3",
                                    "dil_conv_5x5"
                                ],
                                2,
                                1
                            ],
                            [
                                [
                                    "none",
                                    "max_pool_3x3",
                                    "avg_pool_3x3",
                                    "skip_connect",
                                    "sep_conv_3x3",
                                    "sep_conv_5x5",
                                    "dil_conv_3x3",
                                    "dil_conv_5x5"
                                ],
                                3,
                                0
                            ],
                            [
                                [
                                    "none",
                                    "max_pool_3x3",
                                    "avg_pool_3x3",
                                    "skip_connect",
                                    "sep_conv_3x3",
                                    "sep_conv_5x5",
                                    "dil_conv_3x3",
                                    "dil_conv_5x5"
                                ],
                                3,
                                1
                            ],
                            [
                                [
                                    "none",
                                    "max_pool_3x3",
                                    "avg_pool_3x3",
                                    "skip_connect",
                                    "sep_conv_3x3",
                                    "sep_conv_5x5",
                                    "dil_conv_3x3",
                                    "dil_conv_5x5"
                                ],
                                3,
                                2
                            ],
                            [
                                [
                                    "none",
                                    "max_pool_3x3",
                                    "avg_pool_3x3",
                                    "skip_connect",
                                    "sep_conv_3x3",
                                    "sep_conv_5x5",
                                    "dil_conv_3x3",
                                    "dil_conv_5x5"
                                ],
                                4,
                                0
                            ],
                            [
                                [
                                    "none",
                                    "max_pool_3x3",
                                    "avg_pool_3x3",
                                    "skip_connect",
                                    "sep_conv_3x3",
                                    "sep_conv_5x5",
                                    "dil_conv_3x3",
                                    "dil_conv_5x5"
                                ],
                                4,
                                1
                            ],
                            [
                                [
                                    "none",
                                    "max_pool_3x3",
                                    "avg_pool_3x3",
                                    "skip_connect",
                                    "sep_conv_3x3",
                                    "sep_conv_5x5",
                                    "dil_conv_3x3",
                                    "dil_conv_5x5"
                                ],
                                4,
                                2
                            ],
                            [
                                [
                                    "none",
                                    "max_pool_3x3",
                                    "avg_pool_3x3",
                                    "skip_connect",
                                    "sep_conv_3x3",
                                    "sep_conv_5x5",
                                    "dil_conv_3x3",
                                    "dil_conv_5x5"
                                ],
                                4,
                                3
                            ],
                            [
                                [
                                    "none",
                                    "max_pool_3x3",
                                    "avg_pool_3x3",
                                    "skip_connect",
                                    "sep_conv_3x3",
                                    "sep_conv_5x5",
                                    "dil_conv_3x3",
                                    "dil_conv_5x5"
                                ],
                                5,
                                0
                            ],
                            [
                                [
                                    "none",
                                    "max_pool_3x3",
                                    "avg_pool_3x3",
                                    "skip_connect",
                                    "sep_conv_3x3",
                                    "sep_conv_5x5",
                                    "dil_conv_3x3",
                                    "dil_conv_5x5"
                                ],
                                5,
                                1
                            ],
                            [
                                [
                                    "none",
                                    "max_pool_3x3",
                                    "avg_pool_3x3",
                                    "skip_connect",
                                    "sep_conv_3x3",
                                    "sep_conv_5x5",
                                    "dil_conv_3x3",
                                    "dil_conv_5x5"
                                ],
                                5,
                                2
                            ],
                            [
                                [
                                    "none",
                                    "max_pool_3x3",
                                    "avg_pool_3x3",
                                    "skip_connect",
                                    "sep_conv_3x3",
                                    "sep_conv_5x5",
                                    "dil_conv_3x3",
                                    "dil_conv_5x5"
                                ],
                                5,
                                3
                            ],
                            [
                                [
                                    "none",
                                    "max_pool_3x3",
                                    "avg_pool_3x3",
                                    "skip_connect",
                                    "sep_conv_3x3",
                                    "sep_conv_5x5",
                                    "dil_conv_3x3",
                                    "dil_conv_5x5"
                                ],
                                5,
                                4
                            ]
                        ],
                        "concat": [
                            2,
                            3,
                            4,
                            5
                        ]
                    },
                    "reduce": {
                        "type": "ReduceCell",
                        "steps": 4,
                        "genotype": [
                            [
                                [
                                    "none",
                                    "max_pool_3x3",
                                    "avg_pool_3x3",
                                    "skip_connect",
                                    "sep_conv_3x3",
                                    "sep_conv_5x5",
                                    "dil_conv_3x3",
                                    "dil_conv_5x5"
                                ],
                                2,
                                0
                            ],
                            [
                                [
                                    "none",
                                    "max_pool_3x3",
                                    "avg_pool_3x3",
                                    "skip_connect",
                                    "sep_conv_3x3",
                                    "sep_conv_5x5",
                                    "dil_conv_3x3",
                                    "dil_conv_5x5"
                                ],
                                2,
                                1
                            ],
                            [
                                [
                                    "none",
                                    "max_pool_3x3",
                                    "avg_pool_3x3",
                                    "skip_connect",
                                    "sep_conv_3x3",
                                    "sep_conv_5x5",
                                    "dil_conv_3x3",
                                    "dil_conv_5x5"
                                ],
                                3,
                                0
                            ],
                            [
                                [
                                    "none",
                                    "max_pool_3x3",
                                    "avg_pool_3x3",
                                    "skip_connect",
                                    "sep_conv_3x3",
                                    "sep_conv_5x5",
                                    "dil_conv_3x3",
                                    "dil_conv_5x5"
                                ],
                                3,
                                1
                            ],
                            [
                                [
                                    "none",
                                    "max_pool_3x3",
                                    "avg_pool_3x3",
                                    "skip_connect",
                                    "sep_conv_3x3",
                                    "sep_conv_5x5",
                                    "dil_conv_3x3",
                                    "dil_conv_5x5"
                                ],
                                3,
                                2
                            ],
                            [
                                [
                                    "none",
                                    "max_pool_3x3",
                                    "avg_pool_3x3",
                                    "skip_connect",
                                    "sep_conv_3x3",
                                    "sep_conv_5x5",
                                    "dil_conv_3x3",
                                    "dil_conv_5x5"
                                ],
                                4,
                                0
                            ],
                            [
                                [
                                    "none",
                                    "max_pool_3x3",
                                    "avg_pool_3x3",
                                    "skip_connect",
                                    "sep_conv_3x3",
                                    "sep_conv_5x5",
                                    "dil_conv_3x3",
                                    "dil_conv_5x5"
                                ],
                                4,
                                1
                            ],
                            [
                                [
                                    "none",
                                    "max_pool_3x3",
                                    "avg_pool_3x3",
                                    "skip_connect",
                                    "sep_conv_3x3",
                                    "sep_conv_5x5",
                                    "dil_conv_3x3",
                                    "dil_conv_5x5"
                                ],
                                4,
                                2
                            ],
                            [
                                [
                                    "none",
                                    "max_pool_3x3",
                                    "avg_pool_3x3",
                                    "skip_connect",
                                    "sep_conv_3x3",
                                    "sep_conv_5x5",
                                    "dil_conv_3x3",
                                    "dil_conv_5x5"
                                ],
                                4,
                                3
                            ],
                            [
                                [
                                    "none",
                                    "max_pool_3x3",
                                    "avg_pool_3x3",
                                    "skip_connect",
                                    "sep_conv_3x3",
                                    "sep_conv_5x5",
                                    "dil_conv_3x3",
                                    "dil_conv_5x5"
                                ],
                                5,
                                0
                            ],
                            [
                                [
                                    "none",
                                    "max_pool_3x3",
                                    "avg_pool_3x3",
                                    "skip_connect",
                                    "sep_conv_3x3",
                                    "sep_conv_5x5",
                                    "dil_conv_3x3",
                                    "dil_conv_5x5"
                                ],
                                5,
                                1
                            ],
                            [
                                [
                                    "none",
                                    "max_pool_3x3",
                                    "avg_pool_3x3",
                                    "skip_connect",
                                    "sep_conv_3x3",
                                    "sep_conv_5x5",
                                    "dil_conv_3x3",
                                    "dil_conv_5x5"
                                ],
                                5,
                                2
                            ],
                            [
                                [
                                    "none",
                                    "max_pool_3x3",
                                    "avg_pool_3x3",
                                    "skip_connect",
                                    "sep_conv_3x3",
                                    "sep_conv_5x5",
                                    "dil_conv_3x3",
                                    "dil_conv_5x5"
                                ],
                                5,
                                3
                            ],
                            [
                                [
                                    "none",
                                    "max_pool_3x3",
                                    "avg_pool_3x3",
                                    "skip_connect",
                                    "sep_conv_3x3",
                                    "sep_conv_5x5",
                                    "dil_conv_3x3",
                                    "dil_conv_5x5"
                                ],
                                5,
                                4
                            ]
                        ],
                        "concat": [
                            2,
                            3,
                            4,
                            5
                        ]
                    }
                }
            }
        },
        "trainer": {
            "type": "Trainer",
            "darts_template_file": "{default_darts_cifar10_template}",
            "callbacks": "CARSTrainerCallback",
            "epochs": 500,
            "optimizer": {
                "type": "SGD",
                "params": {
                    "lr": 0.025,
                    "momentum": 0.9,
                    "weight_decay": 0.0003
                }
            },
            "lr_scheduler": {
                "type": "CosineAnnealingLR",
                "params": {
                    "T_max": 500,
                    "eta_min": 0.001
                }
            },
            "grad_clip": 5.0,
            "seed": 10,
            "unrolled": true,
            "loss": {
                "type": "CrossEntropyLoss"
            }
        }
    },
    "fully_train": {
        "pipe_step": {
            "type": "TrainPipeStep",
            "models_folder": "{local_base_path}/output/nas/"
        },
        "trainer": {
            "ref": "nas.trainer",
            "epochs": 600,
            "lr_scheduler": {
                "type": "CosineAnnealingLR",
                "params": {
                    "T_max": 600.0,
                    "eta_min": 0
                }
            },
            "loss": {
                "type": "MixAuxiliaryLoss",
                "params": {
                    "loss_base": {
                        "type": "CrossEntropyLoss"
                    },
                    "aux_weight": 0.4
                }
            },
            "seed": 100,
            "drop_path_prob": 0.2,
            "type": "Trainer",
            "darts_template_file": "{default_darts_cifar10_template}",
            "optimizer": {
                "type": "SGD",
                "params": {
                    "lr": 0.025,
                    "momentum": 0.9,
                    "weight_decay": 0.0003
                }
            },
            "grad_clip": 5.0,
            "unrolled": true
        },
        "evaluator": {
            "type": "Evaluator",
            "host_evaluator": {
                "type": "HostEvaluator",
                "metric": {
                    "type": "accuracy"
                }
            }
        },
        "dataset": {
            "ref": "nas.dataset",
            "common": {
                "train_portion": 1.0,
                "data_path": "/cache/datasets/cifar10/",
                "num_workers": 8,
                "drop_last": false
            },
            "train": {
                "batch_size": 96,
                "shuffle": true,
                "transforms": [
                    {
                        "type": "RandomCrop",
                        "size": 32,
                        "padding": 4
                    },
                    {
                        "type": "RandomHorizontalFlip"
                    },
                    {
                        "type": "ToTensor"
                    },
                    {
                        "type": "Normalize",
                        "mean": [
                            0.49139968,
                            0.48215827,
                            0.44653124
                        ],
                        "std": [
                            0.24703233,
                            0.24348505,
                            0.26158768
                        ]
                    },
                    {
                        "type": "Cutout",
                        "length": 8
                    }
                ]
            },
            "val": {
                "batch_size": 96,
                "shuffle": false
            },
            "type": "Cifar10"
        }
    },
    "abs_path": true
}
2024-12-14 03:45:46,241 INFO ------------------------------------------------
2024-12-14 03:45:46,264 INFO ------------------------------------------------
2024-12-14 03:45:46,264 INFO   Step: nas
2024-12-14 03:45:46,264 INFO ------------------------------------------------
2024-12-14 03:45:46,279 INFO submit trainer, id=0
2024-12-14 03:45:47,054 INFO Model was created.
2024-12-14 03:45:47,173 ERROR Failed to run worker, id: 0, message: Path is not existed, path=/cache/datasets/cifar10/
2024-12-14 03:45:47,180 INFO Update Success. step_name=nas, worker_id=0
2024-12-14 03:45:47,181 INFO waiting for the workers [0] to finish
2024-12-14 03:45:47,181 INFO Best values: []
2024-12-14 03:45:47,182 WARNING Failed to dump pareto front records, report is emplty.
2024-12-14 03:45:47,185 INFO ------------------------------------------------
2024-12-14 03:45:47,185 INFO   Step: fully_train
2024-12-14 03:45:47,185 INFO ------------------------------------------------
2024-12-14 03:45:47,188 INFO init TrainPipeStep...
2024-12-14 03:45:47,188 INFO TrainPipeStep started...
2024-12-14 03:45:47,189 WARNING Failed to dump records, report is emplty.
2024-12-14 03:45:49,190 INFO ------------------------------------------------
2024-12-14 03:45:49,190 INFO   Pipeline end.
2024-12-14 03:45:49,190 INFO 
2024-12-14 03:45:49,190 INFO   task id: 1214.034542.227
2024-12-14 03:45:49,190 INFO   output folder: /rl/vega/tasks/1214.034542.227/output
2024-12-14 03:45:49,190 INFO 
2024-12-14 03:45:49,190 INFO   running time:
2024-12-14 03:45:49,191 INFO                nas:  0:00:00  [2024-12-14 03:45:46.267914 - 2024-12-14 03:45:47.183689]
2024-12-14 03:45:49,191 INFO        fully_train:  0:00:00  [2024-12-14 03:45:47.188176 - 2024-12-14 03:45:47.189848]
2024-12-14 03:45:49,191 INFO 
2024-12-14 03:45:49,191 INFO   result file output.csv is not existed or empty
2024-12-14 03:45:49,191 INFO ------------------------------------------------
