2024-12-14 11:44:51,682 INFO Model was created.
2024-12-14 11:44:54,368 INFO worker id [0], epoch [1/500], train step [  0/196], loss [   2.332,    2.332], lr [   0.0250000],  time pre batch [1.755s] , total mean time per batch [1.755s]
2024-12-14 11:45:52,686 INFO worker id [0], epoch [1/500], train step [ 10/196], loss [   2.439,    2.326], lr [   0.0250000],  time pre batch [5.831s] , total mean time per batch [5.831s]
2024-12-14 11:46:35,297 INFO worker id [0], epoch [1/500], train step [ 20/196], loss [   2.302,    2.329], lr [   0.0250000],  time pre batch [4.260s] , total mean time per batch [5.045s]
2024-12-14 11:47:07,263 INFO worker id [0], epoch [1/500], train step [ 30/196], loss [   2.237,    2.325], lr [   0.0250000],  time pre batch [3.196s] , total mean time per batch [4.429s]
2024-12-14 11:47:35,503 INFO worker id [0], epoch [1/500], train step [ 40/196], loss [   2.256,    2.331], lr [   0.0250000],  time pre batch [2.823s] , total mean time per batch [4.027s]
2024-12-14 11:48:03,847 INFO worker id [0], epoch [1/500], train step [ 50/196], loss [   2.384,    2.346], lr [   0.0250000],  time pre batch [2.833s] , total mean time per batch [3.789s]
2024-12-14 11:48:31,357 INFO worker id [0], epoch [1/500], train step [ 60/196], loss [   2.396,    2.358], lr [   0.0250000],  time pre batch [2.750s] , total mean time per batch [3.615s]
2024-12-14 11:49:02,904 INFO worker id [0], epoch [1/500], train step [ 70/196], loss [   2.341,    2.353], lr [   0.0250000],  time pre batch [3.154s] , total mean time per batch [3.549s]
2024-12-14 11:49:35,077 INFO worker id [0], epoch [1/500], train step [ 80/196], loss [   2.325,    2.349], lr [   0.0250000],  time pre batch [3.216s] , total mean time per batch [3.508s]
2024-12-14 11:50:06,593 INFO worker id [0], epoch [1/500], train step [ 90/196], loss [   2.395,    2.358], lr [   0.0250000],  time pre batch [3.150s] , total mean time per batch [3.468s]
2024-12-14 11:50:37,525 INFO worker id [0], epoch [1/500], train step [100/196], loss [   2.291,    2.362], lr [   0.0250000],  time pre batch [3.092s] , total mean time per batch [3.431s]
2024-12-14 11:51:06,500 INFO worker id [0], epoch [1/500], train step [110/196], loss [   2.355,    2.361], lr [   0.0250000],  time pre batch [2.897s] , total mean time per batch [3.382s]
2024-12-14 11:51:48,513 INFO worker id [0], epoch [1/500], train step [120/196], loss [   2.323,    2.368], lr [   0.0250000],  time pre batch [4.200s] , total mean time per batch [3.450s]
2024-12-14 11:52:16,780 INFO worker id [0], epoch [1/500], train step [130/196], loss [   2.630,    2.375], lr [   0.0250000],  time pre batch [2.826s] , total mean time per batch [3.402s]
2024-12-14 11:52:51,956 INFO worker id [0], epoch [1/500], train step [140/196], loss [   2.466,    2.378], lr [   0.0250000],  time pre batch [3.517s] , total mean time per batch [3.410s]
2024-12-14 11:53:37,236 INFO worker id [0], epoch [1/500], train step [150/196], loss [   2.382,    2.379], lr [   0.0250000],  time pre batch [4.527s] , total mean time per batch [3.485s]
2024-12-14 11:54:17,390 INFO worker id [0], epoch [1/500], train step [160/196], loss [   2.201,    2.378], lr [   0.0250000],  time pre batch [4.014s] , total mean time per batch [3.518s]
2024-12-14 11:54:55,882 INFO worker id [0], epoch [1/500], train step [170/196], loss [   2.422,    2.378], lr [   0.0250000],  time pre batch [3.848s] , total mean time per batch [3.537s]
2024-12-14 11:55:36,025 INFO worker id [0], epoch [1/500], train step [180/196], loss [   2.432,    2.376], lr [   0.0250000],  time pre batch [4.013s] , total mean time per batch [3.564s]
2024-12-14 11:56:03,128 INFO worker id [0], epoch [1/500], train step [190/196], loss [   2.304,    2.373], lr [   0.0250000],  time pre batch [2.710s] , total mean time per batch [3.519s]
2024-12-14 11:56:18,170 INFO worker id [0], epoch [2/500], train step [  0/196], loss [   2.376,    2.376], lr [   0.0250000],  time pre batch [2.377s] , total mean time per batch [2.377s]
2024-12-14 11:56:59,272 INFO worker id [0], epoch [2/500], train step [ 10/196], loss [   2.394,    2.335], lr [   0.0250000],  time pre batch [4.109s] , total mean time per batch [3.548s]
2024-12-14 11:57:40,669 INFO worker id [0], epoch [2/500], train step [ 20/196], loss [   2.143,    2.285], lr [   0.0250000],  time pre batch [4.139s] , total mean time per batch [3.576s]
2024-12-14 11:58:08,334 INFO worker id [0], epoch [2/500], train step [ 30/196], loss [   2.142,    2.271], lr [   0.0250000],  time pre batch [2.765s] , total mean time per batch [3.540s]
2024-12-14 11:58:30,527 INFO worker id [0], epoch [2/500], train step [ 40/196], loss [   2.394,    2.280], lr [   0.0250000],  time pre batch [2.218s] , total mean time per batch [3.482s]
2024-12-14 11:58:51,789 INFO worker id [0], epoch [2/500], train step [ 50/196], loss [   2.267,    2.288], lr [   0.0250000],  time pre batch [2.125s] , total mean time per batch [3.426s]
2024-12-14 11:59:14,916 INFO worker id [0], epoch [2/500], train step [ 60/196], loss [   2.123,    2.290], lr [   0.0250000],  time pre batch [2.311s] , total mean time per batch [3.381s]
2024-12-14 11:59:42,955 INFO worker id [0], epoch [2/500], train step [ 70/196], loss [   2.285,    2.284], lr [   0.0250000],  time pre batch [2.803s] , total mean time per batch [3.359s]
2024-12-14 12:00:11,501 INFO worker id [0], epoch [2/500], train step [ 80/196], loss [   2.156,    2.274], lr [   0.0250000],  time pre batch [2.854s] , total mean time per batch [3.340s]
2024-12-14 12:00:41,163 INFO worker id [0], epoch [2/500], train step [ 90/196], loss [   2.255,    2.273], lr [   0.0250000],  time pre batch [2.965s] , total mean time per batch [3.327s]
2024-12-14 12:01:10,451 INFO worker id [0], epoch [2/500], train step [100/196], loss [   2.222,    2.267], lr [   0.0250000],  time pre batch [2.928s] , total mean time per batch [3.313s]
2024-12-14 12:01:44,931 INFO worker id [0], epoch [2/500], train step [110/196], loss [   2.175,    2.268], lr [   0.0250000],  time pre batch [3.447s] , total mean time per batch [3.317s]
2024-12-14 12:02:36,471 INFO worker id [0], epoch [2/500], train step [120/196], loss [   2.350,    2.267], lr [   0.0250000],  time pre batch [5.153s] , total mean time per batch [3.377s]
2024-12-14 12:03:06,728 INFO worker id [0], epoch [2/500], train step [130/196], loss [   2.138,    2.265], lr [   0.0250000],  time pre batch [3.024s] , total mean time per batch [3.366s]
2024-12-14 12:03:32,849 INFO worker id [0], epoch [2/500], train step [140/196], loss [   2.396,    2.269], lr [   0.0250000],  time pre batch [2.611s] , total mean time per batch [3.343s]
2024-12-14 12:03:54,814 INFO worker id [0], epoch [2/500], train step [150/196], loss [   2.318,    2.266], lr [   0.0250000],  time pre batch [2.195s] , total mean time per batch [3.309s]
2024-12-14 12:04:37,204 INFO worker id [0], epoch [2/500], train step [160/196], loss [   2.069,    2.264], lr [   0.0250000],  time pre batch [4.238s] , total mean time per batch [3.335s]
2024-12-14 12:05:21,251 INFO worker id [0], epoch [2/500], train step [170/196], loss [   2.096,    2.261], lr [   0.0250000],  time pre batch [4.404s] , total mean time per batch [3.365s]
2024-12-14 12:06:10,648 INFO worker id [0], epoch [2/500], train step [180/196], loss [   2.113,    2.256], lr [   0.0250000],  time pre batch [4.938s] , total mean time per batch [3.408s]
2024-12-14 12:06:43,968 INFO worker id [0], epoch [2/500], train step [190/196], loss [   2.218,    2.259], lr [   0.0250000],  time pre batch [3.331s] , total mean time per batch [3.406s]
2024-12-14 12:06:53,514 INFO Shutdown urgently.
2024-12-14 12:06:53,514 INFO Shutdown urgently.
2024-12-14 12:06:53,514 INFO Shutdown urgently.
2024-12-14 12:06:53,515 INFO Shutdown urgently.
2024-12-14 12:06:53,515 INFO Shutdown urgently.
2024-12-14 12:06:53,515 INFO Shutdown urgently.
2024-12-14 12:06:53,515 INFO Shutdown urgently.
2024-12-14 12:06:53,515 INFO Shutdown urgently.
2024-12-14 12:06:53,532 INFO Shutdown urgently.
