2024-12-14 11:07:18,661 ERROR Failed to create instance:<class 'vega.networks.super_network.CARSDartsNetwork'>
2024-12-14 11:07:18,661 ERROR Failed to get model, model_desc={'type': 'SearchSpace', 'super_network': {'type': 'CARSDartsNetwork', 'stem': {'type': 'PreOneStem', 'init_channels': 16, 'stem_multi': 3}, 'head': {'type': 'LinearClassificationHead'}, 'init_channels': 16, 'num_classes': 10, 'auxiliary': False, 'search': True, 'cells': {'modules': ['normal', 'normal', 'reduce', 'normal', 'normal', 'reduce', 'normal', 'normal'], 'normal': {'type': 'NormalCell', 'steps': 4, 'genotype': [[['none', 'max_pool_3x3', 'avg_pool_3x3', 'skip_connect', 'sep_conv_3x3', 'sep_conv_5x5', 'dil_conv_3x3', 'dil_conv_5x5'], 2, 0], [['none', 'max_pool_3x3', 'avg_pool_3x3', 'skip_connect', 'sep_conv_3x3', 'sep_conv_5x5', 'dil_conv_3x3', 'dil_conv_5x5'], 2, 1], [['none', 'max_pool_3x3', 'avg_pool_3x3', 'skip_connect', 'sep_conv_3x3', 'sep_conv_5x5', 'dil_conv_3x3', 'dil_conv_5x5'], 3, 0], [['none', 'max_pool_3x3', 'avg_pool_3x3', 'skip_connect', 'sep_conv_3x3', 'sep_conv_5x5', 'dil_conv_3x3', 'dil_conv_5x5'], 3, 1], [['none', 'max_pool_3x3', 'avg_pool_3x3', 'skip_connect', 'sep_conv_3x3', 'sep_conv_5x5', 'dil_conv_3x3', 'dil_conv_5x5'], 3, 2], [['none', 'max_pool_3x3', 'avg_pool_3x3', 'skip_connect', 'sep_conv_3x3', 'sep_conv_5x5', 'dil_conv_3x3', 'dil_conv_5x5'], 4, 0], [['none', 'max_pool_3x3', 'avg_pool_3x3', 'skip_connect', 'sep_conv_3x3', 'sep_conv_5x5', 'dil_conv_3x3', 'dil_conv_5x5'], 4, 1], [['none', 'max_pool_3x3', 'avg_pool_3x3', 'skip_connect', 'sep_conv_3x3', 'sep_conv_5x5', 'dil_conv_3x3', 'dil_conv_5x5'], 4, 2], [['none', 'max_pool_3x3', 'avg_pool_3x3', 'skip_connect', 'sep_conv_3x3', 'sep_conv_5x5', 'dil_conv_3x3', 'dil_conv_5x5'], 4, 3], [['none', 'max_pool_3x3', 'avg_pool_3x3', 'skip_connect', 'sep_conv_3x3', 'sep_conv_5x5', 'dil_conv_3x3', 'dil_conv_5x5'], 5, 0], [['none', 'max_pool_3x3', 'avg_pool_3x3', 'skip_connect', 'sep_conv_3x3', 'sep_conv_5x5', 'dil_conv_3x3', 'dil_conv_5x5'], 5, 1], [['none', 'max_pool_3x3', 'avg_pool_3x3', 'skip_connect', 'sep_conv_3x3', 'sep_conv_5x5', 'dil_conv_3x3', 'dil_conv_5x5'], 5, 2], [['none', 'max_pool_3x3', 'avg_pool_3x3', 'skip_connect', 'sep_conv_3x3', 'sep_conv_5x5', 'dil_conv_3x3', 'dil_conv_5x5'], 5, 3], [['none', 'max_pool_3x3', 'avg_pool_3x3', 'skip_connect', 'sep_conv_3x3', 'sep_conv_5x5', 'dil_conv_3x3', 'dil_conv_5x5'], 5, 4]], 'concat': [2, 3, 4, 5]}, 'reduce': {'type': 'ReduceCell', 'steps': 4, 'genotype': [[['none', 'max_pool_3x3', 'avg_pool_3x3', 'skip_connect', 'sep_conv_3x3', 'sep_conv_5x5', 'dil_conv_3x3', 'dil_conv_5x5'], 2, 0], [['none', 'max_pool_3x3', 'avg_pool_3x3', 'skip_connect', 'sep_conv_3x3', 'sep_conv_5x5', 'dil_conv_3x3', 'dil_conv_5x5'], 2, 1], [['none', 'max_pool_3x3', 'avg_pool_3x3', 'skip_connect', 'sep_conv_3x3', 'sep_conv_5x5', 'dil_conv_3x3', 'dil_conv_5x5'], 3, 0], [['none', 'max_pool_3x3', 'avg_pool_3x3', 'skip_connect', 'sep_conv_3x3', 'sep_conv_5x5', 'dil_conv_3x3', 'dil_conv_5x5'], 3, 1], [['none', 'max_pool_3x3', 'avg_pool_3x3', 'skip_connect', 'sep_conv_3x3', 'sep_conv_5x5', 'dil_conv_3x3', 'dil_conv_5x5'], 3, 2], [['none', 'max_pool_3x3', 'avg_pool_3x3', 'skip_connect', 'sep_conv_3x3', 'sep_conv_5x5', 'dil_conv_3x3', 'dil_conv_5x5'], 4, 0], [['none', 'max_pool_3x3', 'avg_pool_3x3', 'skip_connect', 'sep_conv_3x3', 'sep_conv_5x5', 'dil_conv_3x3', 'dil_conv_5x5'], 4, 1], [['none', 'max_pool_3x3', 'avg_pool_3x3', 'skip_connect', 'sep_conv_3x3', 'sep_conv_5x5', 'dil_conv_3x3', 'dil_conv_5x5'], 4, 2], [['none', 'max_pool_3x3', 'avg_pool_3x3', 'skip_connect', 'sep_conv_3x3', 'sep_conv_5x5', 'dil_conv_3x3', 'dil_conv_5x5'], 4, 3], [['none', 'max_pool_3x3', 'avg_pool_3x3', 'skip_connect', 'sep_conv_3x3', 'sep_conv_5x5', 'dil_conv_3x3', 'dil_conv_5x5'], 5, 0], [['none', 'max_pool_3x3', 'avg_pool_3x3', 'skip_connect', 'sep_conv_3x3', 'sep_conv_5x5', 'dil_conv_3x3', 'dil_conv_5x5'], 5, 1], [['none', 'max_pool_3x3', 'avg_pool_3x3', 'skip_connect', 'sep_conv_3x3', 'sep_conv_5x5', 'dil_conv_3x3', 'dil_conv_5x5'], 5, 2], [['none', 'max_pool_3x3', 'avg_pool_3x3', 'skip_connect', 'sep_conv_3x3', 'sep_conv_5x5', 'dil_conv_3x3', 'dil_conv_5x5'], 5, 3], [['none', 'max_pool_3x3', 'avg_pool_3x3', 'skip_connect', 'sep_conv_3x3', 'sep_conv_5x5', 'dil_conv_3x3', 'dil_conv_5x5'], 5, 4]], 'concat': [2, 3, 4, 5]}}}, 'modules': ['super_network']}, msg=No CUDA GPUs are available
2024-12-14 11:07:18,662 ERROR Failed to run worker in local_master.py, id: 0, message: No CUDA GPUs are available
2024-12-14 11:07:18,674 INFO Update Success. step_name=nas, worker_id=0
2024-12-14 11:07:18,674 INFO waiting for the workers [0] to finish
2024-12-14 11:07:18,674 INFO Best values: []
2024-12-14 11:07:18,676 WARNING Failed to dump pareto front records, report is emplty.
2024-12-14 11:07:18,680 INFO ------------------------------------------------
2024-12-14 11:07:18,680 INFO   Step: fully_train
2024-12-14 11:07:18,680 INFO ------------------------------------------------
2024-12-14 11:07:18,682 INFO init TrainPipeStep...
2024-12-14 11:07:18,682 INFO TrainPipeStep started...
2024-12-14 11:07:18,683 WARNING Failed to dump records, report is emplty.
2024-12-14 11:07:20,686 INFO ------------------------------------------------
2024-12-14 11:07:20,686 INFO   Pipeline end.
2024-12-14 11:07:20,687 INFO 
2024-12-14 11:07:20,687 INFO   task id: 1214.110714.864
2024-12-14 11:07:20,687 INFO   output folder: /rl/vega/tasks/1214.110714.864/output
2024-12-14 11:07:20,687 INFO 
2024-12-14 11:07:20,687 INFO   running time:
2024-12-14 11:07:20,688 INFO                nas:  0:00:00  [2024-12-14 11:07:18.308609 - 2024-12-14 11:07:18.678584]
2024-12-14 11:07:20,688 INFO        fully_train:  0:00:00  [2024-12-14 11:07:18.682734 - 2024-12-14 11:07:18.684084]
2024-12-14 11:07:20,688 INFO 
2024-12-14 11:07:20,689 INFO   result file output.csv is not existed or empty
2024-12-14 11:07:20,690 INFO ------------------------------------------------
