2024-12-14 11:29:19,789 ERROR Failed to create instance:<class 'vega.networks.super_network.CARSDartsNetwork'>
2024-12-14 11:29:19,789 ERROR Failed to get model, model_desc={'type': 'SearchSpace', 'super_network': {'type': 'CARSDartsNetwork', 'stem': {'type': 'PreOneStem', 'init_channels': 16, 'stem_multi': 3}, 'head': {'type': 'LinearClassificationHead'}, 'init_channels': 16, 'num_classes': 10, 'auxiliary': False, 'search': True, 'cells': {'modules': ['normal', 'normal', 'reduce', 'normal', 'normal', 'reduce', 'normal', 'normal'], 'normal': {'type': 'NormalCell', 'steps': 4, 'genotype': [[['none', 'max_pool_3x3', 'avg_pool_3x3', 'skip_connect', 'sep_conv_3x3', 'sep_conv_5x5', 'dil_conv_3x3', 'dil_conv_5x5'], 2, 0], [['none', 'max_pool_3x3', 'avg_pool_3x3', 'skip_connect', 'sep_conv_3x3', 'sep_conv_5x5', 'dil_conv_3x3', 'dil_conv_5x5'], 2, 1], [['none', 'max_pool_3x3', 'avg_pool_3x3', 'skip_connect', 'sep_conv_3x3', 'sep_conv_5x5', 'dil_conv_3x3', 'dil_conv_5x5'], 3, 0], [['none', 'max_pool_3x3', 'avg_pool_3x3', 'skip_connect', 'sep_conv_3x3', 'sep_conv_5x5', 'dil_conv_3x3', 'dil_conv_5x5'], 3, 1], [['none', 'max_pool_3x3', 'avg_pool_3x3', 'skip_connect', 'sep_conv_3x3', 'sep_conv_5x5', 'dil_conv_3x3', 'dil_conv_5x5'], 3, 2], [['none', 'max_pool_3x3', 'avg_pool_3x3', 'skip_connect', 'sep_conv_3x3', 'sep_conv_5x5', 'dil_conv_3x3', 'dil_conv_5x5'], 4, 0], [['none', 'max_pool_3x3', 'avg_pool_3x3', 'skip_connect', 'sep_conv_3x3', 'sep_conv_5x5', 'dil_conv_3x3', 'dil_conv_5x5'], 4, 1], [['none', 'max_pool_3x3', 'avg_pool_3x3', 'skip_connect', 'sep_conv_3x3', 'sep_conv_5x5', 'dil_conv_3x3', 'dil_conv_5x5'], 4, 2], [['none', 'max_pool_3x3', 'avg_pool_3x3', 'skip_connect', 'sep_conv_3x3', 'sep_conv_5x5', 'dil_conv_3x3', 'dil_conv_5x5'], 4, 3], [['none', 'max_pool_3x3', 'avg_pool_3x3', 'skip_connect', 'sep_conv_3x3', 'sep_conv_5x5', 'dil_conv_3x3', 'dil_conv_5x5'], 5, 0], [['none', 'max_pool_3x3', 'avg_pool_3x3', 'skip_connect', 'sep_conv_3x3', 'sep_conv_5x5', 'dil_conv_3x3', 'dil_conv_5x5'], 5, 1], [['none', 'max_pool_3x3', 'avg_pool_3x3', 'skip_connect', 'sep_conv_3x3', 'sep_conv_5x5', 'dil_conv_3x3', 'dil_conv_5x5'], 5, 2], [['none', 'max_pool_3x3', 'avg_pool_3x3', 'skip_connect', 'sep_conv_3x3', 'sep_conv_5x5', 'dil_conv_3x3', 'dil_conv_5x5'], 5, 3], [['none', 'max_pool_3x3', 'avg_pool_3x3', 'skip_connect', 'sep_conv_3x3', 'sep_conv_5x5', 'dil_conv_3x3', 'dil_conv_5x5'], 5, 4]], 'concat': [2, 3, 4, 5]}, 'reduce': {'type': 'ReduceCell', 'steps': 4, 'genotype': [[['none', 'max_pool_3x3', 'avg_pool_3x3', 'skip_connect', 'sep_conv_3x3', 'sep_conv_5x5', 'dil_conv_3x3', 'dil_conv_5x5'], 2, 0], [['none', 'max_pool_3x3', 'avg_pool_3x3', 'skip_connect', 'sep_conv_3x3', 'sep_conv_5x5', 'dil_conv_3x3', 'dil_conv_5x5'], 2, 1], [['none', 'max_pool_3x3', 'avg_pool_3x3', 'skip_connect', 'sep_conv_3x3', 'sep_conv_5x5', 'dil_conv_3x3', 'dil_conv_5x5'], 3, 0], [['none', 'max_pool_3x3', 'avg_pool_3x3', 'skip_connect', 'sep_conv_3x3', 'sep_conv_5x5', 'dil_conv_3x3', 'dil_conv_5x5'], 3, 1], [['none', 'max_pool_3x3', 'avg_pool_3x3', 'skip_connect', 'sep_conv_3x3', 'sep_conv_5x5', 'dil_conv_3x3', 'dil_conv_5x5'], 3, 2], [['none', 'max_pool_3x3', 'avg_pool_3x3', 'skip_connect', 'sep_conv_3x3', 'sep_conv_5x5', 'dil_conv_3x3', 'dil_conv_5x5'], 4, 0], [['none', 'max_pool_3x3', 'avg_pool_3x3', 'skip_connect', 'sep_conv_3x3', 'sep_conv_5x5', 'dil_conv_3x3', 'dil_conv_5x5'], 4, 1], [['none', 'max_pool_3x3', 'avg_pool_3x3', 'skip_connect', 'sep_conv_3x3', 'sep_conv_5x5', 'dil_conv_3x3', 'dil_conv_5x5'], 4, 2], [['none', 'max_pool_3x3', 'avg_pool_3x3', 'skip_connect', 'sep_conv_3x3', 'sep_conv_5x5', 'dil_conv_3x3', 'dil_conv_5x5'], 4, 3], [['none', 'max_pool_3x3', 'avg_pool_3x3', 'skip_connect', 'sep_conv_3x3', 'sep_conv_5x5', 'dil_conv_3x3', 'dil_conv_5x5'], 5, 0], [['none', 'max_pool_3x3', 'avg_pool_3x3', 'skip_connect', 'sep_conv_3x3', 'sep_conv_5x5', 'dil_conv_3x3', 'dil_conv_5x5'], 5, 1], [['none', 'max_pool_3x3', 'avg_pool_3x3', 'skip_connect', 'sep_conv_3x3', 'sep_conv_5x5', 'dil_conv_3x3', 'dil_conv_5x5'], 5, 2], [['none', 'max_pool_3x3', 'avg_pool_3x3', 'skip_connect', 'sep_conv_3x3', 'sep_conv_5x5', 'dil_conv_3x3', 'dil_conv_5x5'], 5, 3], [['none', 'max_pool_3x3', 'avg_pool_3x3', 'skip_connect', 'sep_conv_3x3', 'sep_conv_5x5', 'dil_conv_3x3', 'dil_conv_5x5'], 5, 4]], 'concat': [2, 3, 4, 5]}}}, 'modules': ['super_network']}, msg=No CUDA GPUs are available
2024-12-14 11:29:19,790 ERROR Failed to run worker in local_master.py, id: 0, message: No CUDA GPUs are available
2024-12-14 11:29:19,800 INFO Update Success. step_name=nas, worker_id=0
2024-12-14 11:29:19,800 INFO waiting for the workers [0] to finish
2024-12-14 11:29:19,800 INFO Best values: []
2024-12-14 11:29:19,802 WARNING Failed to dump pareto front records, report is emplty.
2024-12-14 11:29:19,805 INFO ------------------------------------------------
2024-12-14 11:29:19,805 INFO   Step: fully_train
2024-12-14 11:29:19,805 INFO ------------------------------------------------
2024-12-14 11:29:19,808 INFO init TrainPipeStep...
2024-12-14 11:29:19,808 INFO TrainPipeStep started...
2024-12-14 11:29:19,809 WARNING Failed to dump records, report is emplty.
2024-12-14 11:29:21,811 INFO ------------------------------------------------
2024-12-14 11:29:21,812 INFO   Pipeline end.
2024-12-14 11:29:21,812 INFO 
2024-12-14 11:29:21,812 INFO   task id: 1214.112917.245
2024-12-14 11:29:21,812 INFO   output folder: /rl/vega/tasks/1214.112917.245/output
2024-12-14 11:29:21,812 INFO 
2024-12-14 11:29:21,813 INFO   running time:
2024-12-14 11:29:21,813 INFO                nas:  0:00:00  [2024-12-14 11:29:19.593977 - 2024-12-14 11:29:19.803792]
2024-12-14 11:29:21,813 INFO        fully_train:  0:00:00  [2024-12-14 11:29:19.808019 - 2024-12-14 11:29:19.809436]
2024-12-14 11:29:21,813 INFO 
2024-12-14 11:29:21,814 INFO   result file output.csv is not existed or empty
2024-12-14 11:29:21,815 INFO ------------------------------------------------
