2024-12-14 03:55:26,134 INFO Model was created.
2024-12-14 03:55:26,234 ERROR Failed to run worker, id: 0, message: 'NoneType' object is not subscriptable
2024-12-14 03:55:26,240 INFO Update Success. step_name=nas, worker_id=0
2024-12-14 03:55:26,241 INFO waiting for the workers [0] to finish
2024-12-14 03:55:26,241 INFO Best values: []
2024-12-14 03:55:26,242 WARNING Failed to dump pareto front records, report is emplty.
2024-12-14 03:55:26,245 INFO ------------------------------------------------
2024-12-14 03:55:26,245 INFO   Step: fully_train
2024-12-14 03:55:26,245 INFO ------------------------------------------------
2024-12-14 03:55:26,247 INFO init TrainPipeStep...
2024-12-14 03:55:26,247 INFO TrainPipeStep started...
2024-12-14 03:55:26,249 WARNING Failed to dump records, report is emplty.
2024-12-14 03:55:28,251 INFO ------------------------------------------------
2024-12-14 03:55:28,252 INFO   Pipeline end.
2024-12-14 03:55:28,252 INFO 
2024-12-14 03:55:28,252 INFO   task id: 1214.035523.605
2024-12-14 03:55:28,252 INFO   output folder: /rl/vega/tasks/1214.035523.605/output
2024-12-14 03:55:28,252 INFO 
2024-12-14 03:55:28,253 INFO   running time:
2024-12-14 03:55:28,253 INFO                nas:  0:00:00  [2024-12-14 03:55:25.788510 - 2024-12-14 03:55:26.243766]
2024-12-14 03:55:28,253 INFO        fully_train:  0:00:00  [2024-12-14 03:55:26.247646 - 2024-12-14 03:55:26.249143]
2024-12-14 03:55:28,253 INFO 
2024-12-14 03:55:28,254 INFO   result file output.csv is not existed or empty
2024-12-14 03:55:28,254 INFO ------------------------------------------------
