2024-12-14 03:40:58,643 INFO Model was created.
2024-12-14 03:40:58,750 ERROR Failed to run worker, id: 0, message: Path is not existed, path=/cache/datasets/cifar10/
2024-12-14 03:40:58,757 INFO Update Success. step_name=nas, worker_id=0
2024-12-14 03:40:58,758 INFO waiting for the workers [0] to finish
2024-12-14 03:40:58,758 INFO Best values: []
2024-12-14 03:40:58,759 WARNING Failed to dump pareto front records, report is emplty.
2024-12-14 03:40:58,763 INFO ------------------------------------------------
2024-12-14 03:40:58,763 INFO   Step: fully_train
2024-12-14 03:40:58,763 INFO ------------------------------------------------
2024-12-14 03:40:58,766 INFO init TrainPipeStep...
2024-12-14 03:40:58,766 INFO TrainPipeStep started...
2024-12-14 03:40:58,767 WARNING Failed to dump records, report is emplty.
2024-12-14 03:41:00,770 INFO ------------------------------------------------
2024-12-14 03:41:00,770 INFO   Pipeline end.
2024-12-14 03:41:00,770 INFO 
2024-12-14 03:41:00,770 INFO   task id: 1214.034053.349
2024-12-14 03:41:00,771 INFO   output folder: /rl/vega/tasks/1214.034053.349/output
2024-12-14 03:41:00,771 INFO 
2024-12-14 03:41:00,771 INFO   running time:
2024-12-14 03:41:00,771 INFO                nas:  0:00:01  [2024-12-14 03:40:57.625404 - 2024-12-14 03:40:58.761729]
2024-12-14 03:41:00,771 INFO        fully_train:  0:00:00  [2024-12-14 03:40:58.766238 - 2024-12-14 03:40:58.767690]
2024-12-14 03:41:00,771 INFO 
2024-12-14 03:41:00,773 INFO   result file output.csv is not existed or empty
2024-12-14 03:41:00,773 INFO ------------------------------------------------
