2024-12-14 03:47:06,339 INFO Model was created.
2024-12-14 03:47:06,440 ERROR Failed to run worker, id: 0, message: 'NoneType' object is not subscriptable
2024-12-14 03:47:06,447 INFO Update Success. step_name=nas, worker_id=0
2024-12-14 03:47:06,447 INFO waiting for the workers [0] to finish
2024-12-14 03:47:06,447 INFO Best values: []
2024-12-14 03:47:06,449 WARNING Failed to dump pareto front records, report is emplty.
2024-12-14 03:47:06,451 INFO ------------------------------------------------
2024-12-14 03:47:06,452 INFO   Step: fully_train
2024-12-14 03:47:06,452 INFO ------------------------------------------------
2024-12-14 03:47:06,454 INFO init TrainPipeStep...
2024-12-14 03:47:06,454 INFO TrainPipeStep started...
2024-12-14 03:47:06,455 WARNING Failed to dump records, report is emplty.
2024-12-14 03:47:08,458 INFO ------------------------------------------------
2024-12-14 03:47:08,458 INFO   Pipeline end.
2024-12-14 03:47:08,458 INFO 
2024-12-14 03:47:08,458 INFO   task id: 1214.034703.446
2024-12-14 03:47:08,458 INFO   output folder: /rl/vega/tasks/1214.034703.446/output
2024-12-14 03:47:08,458 INFO 
2024-12-14 03:47:08,458 INFO   running time:
2024-12-14 03:47:08,458 INFO                nas:  0:00:00  [2024-12-14 03:47:05.635432 - 2024-12-14 03:47:06.450505]
2024-12-14 03:47:08,459 INFO        fully_train:  0:00:00  [2024-12-14 03:47:06.454561 - 2024-12-14 03:47:06.455898]
2024-12-14 03:47:08,459 INFO 
2024-12-14 03:47:08,459 INFO   result file output.csv is not existed or empty
2024-12-14 03:47:08,459 INFO ------------------------------------------------
